<html>
<head>
<title>TestNG:  EmployeesRestAPITests</title>
<link href="../testng.css" rel="stylesheet" type="text/css" />
<link href="../my-testng.css" rel="stylesheet" type="text/css" />

<style type="text/css">
.log { display: none;} 
.stack-trace { display: none;} 
</style>
<script type="text/javascript">
<!--
function flip(e) {
  current = e.style.display;
  if (current == 'block') {
    e.style.display = 'none';
    return 0;
  }
  else {
    e.style.display = 'block';
    return 1;
  }
}

function toggleBox(szDivId, elem, msg1, msg2)
{
  var res = -1;  if (document.getElementById) {
    res = flip(document.getElementById(szDivId));
  }
  else if (document.all) {
    // this is the way old msie versions work
    res = flip(document.all[szDivId]);
  }
  if(elem) {
    if(res == 0) elem.innerHTML = msg1; else elem.innerHTML = msg2;
  }

}

function toggleAllBoxes() {
  if (document.getElementsByTagName) {
    d = document.getElementsByTagName('div');
    for (i = 0; i < d.length; i++) {
      if (d[i].className == 'log') {
        flip(d[i]);
      }
    }
  }
}

// -->
</script>

</head>
<body>
<h2 align='center'>EmployeesRestAPITests</h2><table border='1' align="center">
<tr>
<td>Tests passed/Failed/Skipped:</td><td>19/8/0</td>
</tr><tr>
<td>Started on:</td><td>Sun Apr 19 02:15:45 IST 2020</td>
</tr>
<tr><td>Total time:</td><td>36 seconds (36682 ms)</td>
</tr><tr>
<td>Included groups:</td><td></td>
</tr><tr>
<td>Excluded groups:</td><td></td>
</tr>
</table><p/>
<small><i>(Hover the method name to see the test class name)</i></small><p/>
<table width='100%' border='1' class='invocation-failed'>
<tr><td colspan='4' align='center'><b>FAILED TESTS</b></td></tr>
<tr><td><b>Test method</b></td>
<td width="30%"><b>Exception</b></td>
<td width="10%"><b>Time (seconds)</b></td>
<td><b>Instance</b></td>
</tr>
<tr>
<td title='com.EmployeesAPI.Tests.TC002_GetSingleEmployeeRecord.checkContentEncoding()'><b>checkContentEncoding</b><br>Test class: com.EmployeesAPI.Tests.TC002_GetSingleEmployeeRecord</td>
<td><div><pre>java.lang.AssertionError: did not expect to find [gzip] but found [null]
	at com.EmployeesAPI.Tests.TC002_GetSingleEmployeeRecord.checkContentEncoding(TC002_GetSingleEmployeeRecord.java:83)
	at java.base/java.util.ArrayList.forEach(ArrayList.java:1380)
... Removed 33 stack frames</pre></div><a href='#' onClick='toggleBox("stack-trace1769616559", this, "Click to show all stack frames", "Click to hide stack frames")'>Click to show all stack frames</a>
<div class='stack-trace' id='stack-trace1769616559'><pre>java.lang.AssertionError: did not expect to find [gzip] but found [null]
	at org.testng.Assert.fail(Assert.java:97)
	at org.testng.Assert.failNotEquals(Assert.java:969)
	at org.testng.Assert.assertEqualsImpl(Assert.java:131)
	at org.testng.Assert.assertEquals(Assert.java:118)
	at org.testng.Assert.assertEquals(Assert.java:575)
	at org.testng.Assert.assertEquals(Assert.java:585)
	at com.EmployeesAPI.Tests.TC002_GetSingleEmployeeRecord.checkContentEncoding(TC002_GetSingleEmployeeRecord.java:83)
	at java.base/jdk.internal.reflect.NativeMethodAccessorImpl.invoke0(Native Method)
	at java.base/jdk.internal.reflect.NativeMethodAccessorImpl.invoke(NativeMethodAccessorImpl.java:62)
	at java.base/jdk.internal.reflect.DelegatingMethodAccessorImpl.invoke(DelegatingMethodAccessorImpl.java:43)
	at java.base/java.lang.reflect.Method.invoke(Method.java:564)
	at org.testng.internal.MethodInvocationHelper.invokeMethod(MethodInvocationHelper.java:133)
	at org.testng.internal.TestInvoker.invokeMethod(TestInvoker.java:584)
	at org.testng.internal.TestInvoker.invokeTestMethod(TestInvoker.java:172)
	at org.testng.internal.MethodRunner.runInSequence(MethodRunner.java:46)
	at org.testng.internal.TestInvoker$MethodInvocationAgent.invoke(TestInvoker.java:804)
	at org.testng.internal.TestInvoker.invokeTestMethods(TestInvoker.java:145)
	at org.testng.internal.TestMethodWorker.invokeTestMethods(TestMethodWorker.java:146)
	at org.testng.internal.TestMethodWorker.run(TestMethodWorker.java:128)
	at java.base/java.util.ArrayList.forEach(ArrayList.java:1380)
	at org.testng.TestRunner.privateRun(TestRunner.java:770)
	at org.testng.TestRunner.run(TestRunner.java:591)
	at org.testng.SuiteRunner.runTest(SuiteRunner.java:402)
	at org.testng.SuiteRunner.runSequentially(SuiteRunner.java:396)
	at org.testng.SuiteRunner.privateRun(SuiteRunner.java:355)
	at org.testng.SuiteRunner.run(SuiteRunner.java:304)
	at org.testng.SuiteRunnerWorker.runSuite(SuiteRunnerWorker.java:53)
	at org.testng.SuiteRunnerWorker.run(SuiteRunnerWorker.java:96)
	at org.testng.TestNG.runSuitesSequentially(TestNG.java:1180)
	at org.testng.TestNG.runSuitesLocally(TestNG.java:1102)
	at org.testng.TestNG.runSuites(TestNG.java:1032)
	at org.testng.TestNG.run(TestNG.java:1000)
	at org.testng.remote.AbstractRemoteTestNG.run(AbstractRemoteTestNG.java:115)
	at org.testng.remote.RemoteTestNG.initAndRun(RemoteTestNG.java:251)
	at org.testng.remote.RemoteTestNG.main(RemoteTestNG.java:77)
</pre></div></td>
<td>0</td>
<td>com.EmployeesAPI.Tests.TC002_GetSingleEmployeeRecord@49dc7102</td></tr>
<tr>
<td title='com.EmployeesAPI.Tests.TC003_POST_EmployeeRecord.checkContentEncoding()'><b>checkContentEncoding</b><br>Test class: com.EmployeesAPI.Tests.TC003_POST_EmployeeRecord</td>
<td><div><pre>java.lang.AssertionError: did not expect to find [gzip] but found [null]
	at com.EmployeesAPI.Tests.TC003_POST_EmployeeRecord.checkContentEncoding(TC003_POST_EmployeeRecord.java:94)
	at java.base/java.util.ArrayList.forEach(ArrayList.java:1380)
... Removed 33 stack frames</pre></div><a href='#' onClick='toggleBox("stack-trace662000775", this, "Click to show all stack frames", "Click to hide stack frames")'>Click to show all stack frames</a>
<div class='stack-trace' id='stack-trace662000775'><pre>java.lang.AssertionError: did not expect to find [gzip] but found [null]
	at org.testng.Assert.fail(Assert.java:97)
	at org.testng.Assert.failNotEquals(Assert.java:969)
	at org.testng.Assert.assertEqualsImpl(Assert.java:131)
	at org.testng.Assert.assertEquals(Assert.java:118)
	at org.testng.Assert.assertEquals(Assert.java:575)
	at org.testng.Assert.assertEquals(Assert.java:585)
	at com.EmployeesAPI.Tests.TC003_POST_EmployeeRecord.checkContentEncoding(TC003_POST_EmployeeRecord.java:94)
	at java.base/jdk.internal.reflect.NativeMethodAccessorImpl.invoke0(Native Method)
	at java.base/jdk.internal.reflect.NativeMethodAccessorImpl.invoke(NativeMethodAccessorImpl.java:62)
	at java.base/jdk.internal.reflect.DelegatingMethodAccessorImpl.invoke(DelegatingMethodAccessorImpl.java:43)
	at java.base/java.lang.reflect.Method.invoke(Method.java:564)
	at org.testng.internal.MethodInvocationHelper.invokeMethod(MethodInvocationHelper.java:133)
	at org.testng.internal.TestInvoker.invokeMethod(TestInvoker.java:584)
	at org.testng.internal.TestInvoker.invokeTestMethod(TestInvoker.java:172)
	at org.testng.internal.MethodRunner.runInSequence(MethodRunner.java:46)
	at org.testng.internal.TestInvoker$MethodInvocationAgent.invoke(TestInvoker.java:804)
	at org.testng.internal.TestInvoker.invokeTestMethods(TestInvoker.java:145)
	at org.testng.internal.TestMethodWorker.invokeTestMethods(TestMethodWorker.java:146)
	at org.testng.internal.TestMethodWorker.run(TestMethodWorker.java:128)
	at java.base/java.util.ArrayList.forEach(ArrayList.java:1380)
	at org.testng.TestRunner.privateRun(TestRunner.java:770)
	at org.testng.TestRunner.run(TestRunner.java:591)
	at org.testng.SuiteRunner.runTest(SuiteRunner.java:402)
	at org.testng.SuiteRunner.runSequentially(SuiteRunner.java:396)
	at org.testng.SuiteRunner.privateRun(SuiteRunner.java:355)
	at org.testng.SuiteRunner.run(SuiteRunner.java:304)
	at org.testng.SuiteRunnerWorker.runSuite(SuiteRunnerWorker.java:53)
	at org.testng.SuiteRunnerWorker.run(SuiteRunnerWorker.java:96)
	at org.testng.TestNG.runSuitesSequentially(TestNG.java:1180)
	at org.testng.TestNG.runSuitesLocally(TestNG.java:1102)
	at org.testng.TestNG.runSuites(TestNG.java:1032)
	at org.testng.TestNG.run(TestNG.java:1000)
	at org.testng.remote.AbstractRemoteTestNG.run(AbstractRemoteTestNG.java:115)
	at org.testng.remote.RemoteTestNG.initAndRun(RemoteTestNG.java:251)
	at org.testng.remote.RemoteTestNG.main(RemoteTestNG.java:77)
</pre></div></td>
<td>0</td>
<td>com.EmployeesAPI.Tests.TC003_POST_EmployeeRecord@6b8ca3c8</td></tr>
<tr>
<td title='com.EmployeesAPI.Tests.TC004_PUT_EmployeeRecord.checkContentEncoding()'><b>checkContentEncoding</b><br>Test class: com.EmployeesAPI.Tests.TC004_PUT_EmployeeRecord</td>
<td><div><pre>java.lang.AssertionError: did not expect to find [gzip] but found [null]
	at com.EmployeesAPI.Tests.TC004_PUT_EmployeeRecord.checkContentEncoding(TC004_PUT_EmployeeRecord.java:91)
	at java.base/java.util.ArrayList.forEach(ArrayList.java:1380)
... Removed 33 stack frames</pre></div><a href='#' onClick='toggleBox("stack-trace1296670053", this, "Click to show all stack frames", "Click to hide stack frames")'>Click to show all stack frames</a>
<div class='stack-trace' id='stack-trace1296670053'><pre>java.lang.AssertionError: did not expect to find [gzip] but found [null]
	at org.testng.Assert.fail(Assert.java:97)
	at org.testng.Assert.failNotEquals(Assert.java:969)
	at org.testng.Assert.assertEqualsImpl(Assert.java:131)
	at org.testng.Assert.assertEquals(Assert.java:118)
	at org.testng.Assert.assertEquals(Assert.java:575)
	at org.testng.Assert.assertEquals(Assert.java:585)
	at com.EmployeesAPI.Tests.TC004_PUT_EmployeeRecord.checkContentEncoding(TC004_PUT_EmployeeRecord.java:91)
	at java.base/jdk.internal.reflect.NativeMethodAccessorImpl.invoke0(Native Method)
	at java.base/jdk.internal.reflect.NativeMethodAccessorImpl.invoke(NativeMethodAccessorImpl.java:62)
	at java.base/jdk.internal.reflect.DelegatingMethodAccessorImpl.invoke(DelegatingMethodAccessorImpl.java:43)
	at java.base/java.lang.reflect.Method.invoke(Method.java:564)
	at org.testng.internal.MethodInvocationHelper.invokeMethod(MethodInvocationHelper.java:133)
	at org.testng.internal.TestInvoker.invokeMethod(TestInvoker.java:584)
	at org.testng.internal.TestInvoker.invokeTestMethod(TestInvoker.java:172)
	at org.testng.internal.MethodRunner.runInSequence(MethodRunner.java:46)
	at org.testng.internal.TestInvoker$MethodInvocationAgent.invoke(TestInvoker.java:804)
	at org.testng.internal.TestInvoker.invokeTestMethods(TestInvoker.java:145)
	at org.testng.internal.TestMethodWorker.invokeTestMethods(TestMethodWorker.java:146)
	at org.testng.internal.TestMethodWorker.run(TestMethodWorker.java:128)
	at java.base/java.util.ArrayList.forEach(ArrayList.java:1380)
	at org.testng.TestRunner.privateRun(TestRunner.java:770)
	at org.testng.TestRunner.run(TestRunner.java:591)
	at org.testng.SuiteRunner.runTest(SuiteRunner.java:402)
	at org.testng.SuiteRunner.runSequentially(SuiteRunner.java:396)
	at org.testng.SuiteRunner.privateRun(SuiteRunner.java:355)
	at org.testng.SuiteRunner.run(SuiteRunner.java:304)
	at org.testng.SuiteRunnerWorker.runSuite(SuiteRunnerWorker.java:53)
	at org.testng.SuiteRunnerWorker.run(SuiteRunnerWorker.java:96)
	at org.testng.TestNG.runSuitesSequentially(TestNG.java:1180)
	at org.testng.TestNG.runSuitesLocally(TestNG.java:1102)
	at org.testng.TestNG.runSuites(TestNG.java:1032)
	at org.testng.TestNG.run(TestNG.java:1000)
	at org.testng.remote.AbstractRemoteTestNG.run(AbstractRemoteTestNG.java:115)
	at org.testng.remote.RemoteTestNG.initAndRun(RemoteTestNG.java:251)
	at org.testng.remote.RemoteTestNG.main(RemoteTestNG.java:77)
</pre></div></td>
<td>0</td>
<td>com.EmployeesAPI.Tests.TC004_PUT_EmployeeRecord@68c72235</td></tr>
<tr>
<td title='com.EmployeesAPI.Tests.TC004_PUT_EmployeeRecord.checkResponseBody()'><b>checkResponseBody</b><br>Test class: com.EmployeesAPI.Tests.TC004_PUT_EmployeeRecord</td>
<td><div><pre>java.lang.AssertionError: expected [true] but found [false]
	at com.EmployeesAPI.Tests.TC004_PUT_EmployeeRecord.checkResponseBody(TC004_PUT_EmployeeRecord.java:55)
	at java.base/java.util.ArrayList.forEach(ArrayList.java:1380)
... Removed 32 stack frames</pre></div><a href='#' onClick='toggleBox("stack-trace130211746", this, "Click to show all stack frames", "Click to hide stack frames")'>Click to show all stack frames</a>
<div class='stack-trace' id='stack-trace130211746'><pre>java.lang.AssertionError: expected [true] but found [false]
	at org.testng.Assert.fail(Assert.java:97)
	at org.testng.Assert.assertEqualsImpl(Assert.java:136)
	at org.testng.Assert.assertEquals(Assert.java:118)
	at org.testng.Assert.assertEquals(Assert.java:751)
	at org.testng.Assert.assertEquals(Assert.java:761)
	at com.EmployeesAPI.Tests.TC004_PUT_EmployeeRecord.checkResponseBody(TC004_PUT_EmployeeRecord.java:55)
	at java.base/jdk.internal.reflect.NativeMethodAccessorImpl.invoke0(Native Method)
	at java.base/jdk.internal.reflect.NativeMethodAccessorImpl.invoke(NativeMethodAccessorImpl.java:62)
	at java.base/jdk.internal.reflect.DelegatingMethodAccessorImpl.invoke(DelegatingMethodAccessorImpl.java:43)
	at java.base/java.lang.reflect.Method.invoke(Method.java:564)
	at org.testng.internal.MethodInvocationHelper.invokeMethod(MethodInvocationHelper.java:133)
	at org.testng.internal.TestInvoker.invokeMethod(TestInvoker.java:584)
	at org.testng.internal.TestInvoker.invokeTestMethod(TestInvoker.java:172)
	at org.testng.internal.MethodRunner.runInSequence(MethodRunner.java:46)
	at org.testng.internal.TestInvoker$MethodInvocationAgent.invoke(TestInvoker.java:804)
	at org.testng.internal.TestInvoker.invokeTestMethods(TestInvoker.java:145)
	at org.testng.internal.TestMethodWorker.invokeTestMethods(TestMethodWorker.java:146)
	at org.testng.internal.TestMethodWorker.run(TestMethodWorker.java:128)
	at java.base/java.util.ArrayList.forEach(ArrayList.java:1380)
	at org.testng.TestRunner.privateRun(TestRunner.java:770)
	at org.testng.TestRunner.run(TestRunner.java:591)
	at org.testng.SuiteRunner.runTest(SuiteRunner.java:402)
	at org.testng.SuiteRunner.runSequentially(SuiteRunner.java:396)
	at org.testng.SuiteRunner.privateRun(SuiteRunner.java:355)
	at org.testng.SuiteRunner.run(SuiteRunner.java:304)
	at org.testng.SuiteRunnerWorker.runSuite(SuiteRunnerWorker.java:53)
	at org.testng.SuiteRunnerWorker.run(SuiteRunnerWorker.java:96)
	at org.testng.TestNG.runSuitesSequentially(TestNG.java:1180)
	at org.testng.TestNG.runSuitesLocally(TestNG.java:1102)
	at org.testng.TestNG.runSuites(TestNG.java:1032)
	at org.testng.TestNG.run(TestNG.java:1000)
	at org.testng.remote.AbstractRemoteTestNG.run(AbstractRemoteTestNG.java:115)
	at org.testng.remote.RemoteTestNG.initAndRun(RemoteTestNG.java:251)
	at org.testng.remote.RemoteTestNG.main(RemoteTestNG.java:77)
</pre></div></td>
<td>0</td>
<td>com.EmployeesAPI.Tests.TC004_PUT_EmployeeRecord@68c72235</td></tr>
<tr>
<td title='com.EmployeesAPI.Tests.TC005_DELETE_EmployeeRecord.checkResponseBody()'><b>checkResponseBody</b><br>Test class: com.EmployeesAPI.Tests.TC005_DELETE_EmployeeRecord</td>
<td><div><pre>java.lang.AssertionError: expected [true] but found [false]
	at com.EmployeesAPI.Tests.TC005_DELETE_EmployeeRecord.checkResponseBody(TC005_DELETE_EmployeeRecord.java:45)
	at java.base/java.util.ArrayList.forEach(ArrayList.java:1380)
... Removed 32 stack frames</pre></div><a href='#' onClick='toggleBox("stack-trace1477048870", this, "Click to show all stack frames", "Click to hide stack frames")'>Click to show all stack frames</a>
<div class='stack-trace' id='stack-trace1477048870'><pre>java.lang.AssertionError: expected [true] but found [false]
	at org.testng.Assert.fail(Assert.java:97)
	at org.testng.Assert.assertEqualsImpl(Assert.java:136)
	at org.testng.Assert.assertEquals(Assert.java:118)
	at org.testng.Assert.assertEquals(Assert.java:751)
	at org.testng.Assert.assertEquals(Assert.java:761)
	at com.EmployeesAPI.Tests.TC005_DELETE_EmployeeRecord.checkResponseBody(TC005_DELETE_EmployeeRecord.java:45)
	at java.base/jdk.internal.reflect.NativeMethodAccessorImpl.invoke0(Native Method)
	at java.base/jdk.internal.reflect.NativeMethodAccessorImpl.invoke(NativeMethodAccessorImpl.java:62)
	at java.base/jdk.internal.reflect.DelegatingMethodAccessorImpl.invoke(DelegatingMethodAccessorImpl.java:43)
	at java.base/java.lang.reflect.Method.invoke(Method.java:564)
	at org.testng.internal.MethodInvocationHelper.invokeMethod(MethodInvocationHelper.java:133)
	at org.testng.internal.TestInvoker.invokeMethod(TestInvoker.java:584)
	at org.testng.internal.TestInvoker.invokeTestMethod(TestInvoker.java:172)
	at org.testng.internal.MethodRunner.runInSequence(MethodRunner.java:46)
	at org.testng.internal.TestInvoker$MethodInvocationAgent.invoke(TestInvoker.java:804)
	at org.testng.internal.TestInvoker.invokeTestMethods(TestInvoker.java:145)
	at org.testng.internal.TestMethodWorker.invokeTestMethods(TestMethodWorker.java:146)
	at org.testng.internal.TestMethodWorker.run(TestMethodWorker.java:128)
	at java.base/java.util.ArrayList.forEach(ArrayList.java:1380)
	at org.testng.TestRunner.privateRun(TestRunner.java:770)
	at org.testng.TestRunner.run(TestRunner.java:591)
	at org.testng.SuiteRunner.runTest(SuiteRunner.java:402)
	at org.testng.SuiteRunner.runSequentially(SuiteRunner.java:396)
	at org.testng.SuiteRunner.privateRun(SuiteRunner.java:355)
	at org.testng.SuiteRunner.run(SuiteRunner.java:304)
	at org.testng.SuiteRunnerWorker.runSuite(SuiteRunnerWorker.java:53)
	at org.testng.SuiteRunnerWorker.run(SuiteRunnerWorker.java:96)
	at org.testng.TestNG.runSuitesSequentially(TestNG.java:1180)
	at org.testng.TestNG.runSuitesLocally(TestNG.java:1102)
	at org.testng.TestNG.runSuites(TestNG.java:1032)
	at org.testng.TestNG.run(TestNG.java:1000)
	at org.testng.remote.AbstractRemoteTestNG.run(AbstractRemoteTestNG.java:115)
	at org.testng.remote.RemoteTestNG.initAndRun(RemoteTestNG.java:251)
	at org.testng.remote.RemoteTestNG.main(RemoteTestNG.java:77)
</pre></div></td>
<td>0</td>
<td>com.EmployeesAPI.Tests.TC005_DELETE_EmployeeRecord@10959ece</td></tr>
<tr>
<td title='com.EmployeesAPI.Tests.TC001_GetAllEmployees.checkResponseTime()'><b>checkResponseTime</b><br>Test class: com.EmployeesAPI.Tests.TC001_GetAllEmployees</td>
<td><div><pre>java.lang.AssertionError: did not expect to find [true] but found [false]
	at com.EmployeesAPI.Tests.TC001_GetAllEmployees.checkResponseTime(TC001_GetAllEmployees.java:55)
	at java.base/java.util.ArrayList.forEach(ArrayList.java:1380)
... Removed 31 stack frames</pre></div><a href='#' onClick='toggleBox("stack-trace713707020", this, "Click to show all stack frames", "Click to hide stack frames")'>Click to show all stack frames</a>
<div class='stack-trace' id='stack-trace713707020'><pre>java.lang.AssertionError: did not expect to find [true] but found [false]
	at org.testng.Assert.fail(Assert.java:97)
	at org.testng.Assert.failNotEquals(Assert.java:969)
	at org.testng.Assert.assertTrue(Assert.java:43)
	at org.testng.Assert.assertTrue(Assert.java:53)
	at com.EmployeesAPI.Tests.TC001_GetAllEmployees.checkResponseTime(TC001_GetAllEmployees.java:55)
	at java.base/jdk.internal.reflect.NativeMethodAccessorImpl.invoke0(Native Method)
	at java.base/jdk.internal.reflect.NativeMethodAccessorImpl.invoke(NativeMethodAccessorImpl.java:62)
	at java.base/jdk.internal.reflect.DelegatingMethodAccessorImpl.invoke(DelegatingMethodAccessorImpl.java:43)
	at java.base/java.lang.reflect.Method.invoke(Method.java:564)
	at org.testng.internal.MethodInvocationHelper.invokeMethod(MethodInvocationHelper.java:133)
	at org.testng.internal.TestInvoker.invokeMethod(TestInvoker.java:584)
	at org.testng.internal.TestInvoker.invokeTestMethod(TestInvoker.java:172)
	at org.testng.internal.MethodRunner.runInSequence(MethodRunner.java:46)
	at org.testng.internal.TestInvoker$MethodInvocationAgent.invoke(TestInvoker.java:804)
	at org.testng.internal.TestInvoker.invokeTestMethods(TestInvoker.java:145)
	at org.testng.internal.TestMethodWorker.invokeTestMethods(TestMethodWorker.java:146)
	at org.testng.internal.TestMethodWorker.run(TestMethodWorker.java:128)
	at java.base/java.util.ArrayList.forEach(ArrayList.java:1380)
	at org.testng.TestRunner.privateRun(TestRunner.java:770)
	at org.testng.TestRunner.run(TestRunner.java:591)
	at org.testng.SuiteRunner.runTest(SuiteRunner.java:402)
	at org.testng.SuiteRunner.runSequentially(SuiteRunner.java:396)
	at org.testng.SuiteRunner.privateRun(SuiteRunner.java:355)
	at org.testng.SuiteRunner.run(SuiteRunner.java:304)
	at org.testng.SuiteRunnerWorker.runSuite(SuiteRunnerWorker.java:53)
	at org.testng.SuiteRunnerWorker.run(SuiteRunnerWorker.java:96)
	at org.testng.TestNG.runSuitesSequentially(TestNG.java:1180)
	at org.testng.TestNG.runSuitesLocally(TestNG.java:1102)
	at org.testng.TestNG.runSuites(TestNG.java:1032)
	at org.testng.TestNG.run(TestNG.java:1000)
	at org.testng.remote.AbstractRemoteTestNG.run(AbstractRemoteTestNG.java:115)
	at org.testng.remote.RemoteTestNG.initAndRun(RemoteTestNG.java:251)
	at org.testng.remote.RemoteTestNG.main(RemoteTestNG.java:77)
</pre></div></td>
<td>0</td>
<td>com.EmployeesAPI.Tests.TC001_GetAllEmployees@7671cb68</td></tr>
<tr>
<td title='com.EmployeesAPI.Tests.TC002_GetSingleEmployeeRecord.checkStatusCode()'><b>checkStatusCode</b><br>Test class: com.EmployeesAPI.Tests.TC002_GetSingleEmployeeRecord</td>
<td><div><pre>java.lang.AssertionError: expected [200] but found [400]
	at com.EmployeesAPI.Tests.TC002_GetSingleEmployeeRecord.checkStatusCode(TC002_GetSingleEmployeeRecord.java:40)
	at java.base/java.util.ArrayList.forEach(ArrayList.java:1380)
... Removed 32 stack frames</pre></div><a href='#' onClick='toggleBox("stack-trace629016615", this, "Click to show all stack frames", "Click to hide stack frames")'>Click to show all stack frames</a>
<div class='stack-trace' id='stack-trace629016615'><pre>java.lang.AssertionError: expected [200] but found [400]
	at org.testng.Assert.fail(Assert.java:97)
	at org.testng.Assert.assertEqualsImpl(Assert.java:136)
	at org.testng.Assert.assertEquals(Assert.java:118)
	at org.testng.Assert.assertEquals(Assert.java:839)
	at org.testng.Assert.assertEquals(Assert.java:849)
	at com.EmployeesAPI.Tests.TC002_GetSingleEmployeeRecord.checkStatusCode(TC002_GetSingleEmployeeRecord.java:40)
	at java.base/jdk.internal.reflect.NativeMethodAccessorImpl.invoke0(Native Method)
	at java.base/jdk.internal.reflect.NativeMethodAccessorImpl.invoke(NativeMethodAccessorImpl.java:62)
	at java.base/jdk.internal.reflect.DelegatingMethodAccessorImpl.invoke(DelegatingMethodAccessorImpl.java:43)
	at java.base/java.lang.reflect.Method.invoke(Method.java:564)
	at org.testng.internal.MethodInvocationHelper.invokeMethod(MethodInvocationHelper.java:133)
	at org.testng.internal.TestInvoker.invokeMethod(TestInvoker.java:584)
	at org.testng.internal.TestInvoker.invokeTestMethod(TestInvoker.java:172)
	at org.testng.internal.MethodRunner.runInSequence(MethodRunner.java:46)
	at org.testng.internal.TestInvoker$MethodInvocationAgent.invoke(TestInvoker.java:804)
	at org.testng.internal.TestInvoker.invokeTestMethods(TestInvoker.java:145)
	at org.testng.internal.TestMethodWorker.invokeTestMethods(TestMethodWorker.java:146)
	at org.testng.internal.TestMethodWorker.run(TestMethodWorker.java:128)
	at java.base/java.util.ArrayList.forEach(ArrayList.java:1380)
	at org.testng.TestRunner.privateRun(TestRunner.java:770)
	at org.testng.TestRunner.run(TestRunner.java:591)
	at org.testng.SuiteRunner.runTest(SuiteRunner.java:402)
	at org.testng.SuiteRunner.runSequentially(SuiteRunner.java:396)
	at org.testng.SuiteRunner.privateRun(SuiteRunner.java:355)
	at org.testng.SuiteRunner.run(SuiteRunner.java:304)
	at org.testng.SuiteRunnerWorker.runSuite(SuiteRunnerWorker.java:53)
	at org.testng.SuiteRunnerWorker.run(SuiteRunnerWorker.java:96)
	at org.testng.TestNG.runSuitesSequentially(TestNG.java:1180)
	at org.testng.TestNG.runSuitesLocally(TestNG.java:1102)
	at org.testng.TestNG.runSuites(TestNG.java:1032)
	at org.testng.TestNG.run(TestNG.java:1000)
	at org.testng.remote.AbstractRemoteTestNG.run(AbstractRemoteTestNG.java:115)
	at org.testng.remote.RemoteTestNG.initAndRun(RemoteTestNG.java:251)
	at org.testng.remote.RemoteTestNG.main(RemoteTestNG.java:77)
</pre></div></td>
<td>0</td>
<td>com.EmployeesAPI.Tests.TC002_GetSingleEmployeeRecord@49dc7102</td></tr>
<tr>
<td title='com.EmployeesAPI.Tests.TC002_GetSingleEmployeeRecord.checkStatusLine()'><b>checkStatusLine</b><br>Test class: com.EmployeesAPI.Tests.TC002_GetSingleEmployeeRecord</td>
<td><div><pre>java.lang.AssertionError: expected [HTTP/1.1 200 OK] but found [HTTP/1.1 400 Bad Request]
	at com.EmployeesAPI.Tests.TC002_GetSingleEmployeeRecord.checkStatusLine(TC002_GetSingleEmployeeRecord.java:62)
	at java.base/java.util.ArrayList.forEach(ArrayList.java:1380)
... Removed 32 stack frames</pre></div><a href='#' onClick='toggleBox("stack-trace565847109", this, "Click to show all stack frames", "Click to hide stack frames")'>Click to show all stack frames</a>
<div class='stack-trace' id='stack-trace565847109'><pre>java.lang.AssertionError: expected [HTTP/1.1 200 OK] but found [HTTP/1.1 400 Bad Request]
	at org.testng.Assert.fail(Assert.java:97)
	at org.testng.Assert.assertEqualsImpl(Assert.java:136)
	at org.testng.Assert.assertEquals(Assert.java:118)
	at org.testng.Assert.assertEquals(Assert.java:575)
	at org.testng.Assert.assertEquals(Assert.java:585)
	at com.EmployeesAPI.Tests.TC002_GetSingleEmployeeRecord.checkStatusLine(TC002_GetSingleEmployeeRecord.java:62)
	at java.base/jdk.internal.reflect.NativeMethodAccessorImpl.invoke0(Native Method)
	at java.base/jdk.internal.reflect.NativeMethodAccessorImpl.invoke(NativeMethodAccessorImpl.java:62)
	at java.base/jdk.internal.reflect.DelegatingMethodAccessorImpl.invoke(DelegatingMethodAccessorImpl.java:43)
	at java.base/java.lang.reflect.Method.invoke(Method.java:564)
	at org.testng.internal.MethodInvocationHelper.invokeMethod(MethodInvocationHelper.java:133)
	at org.testng.internal.TestInvoker.invokeMethod(TestInvoker.java:584)
	at org.testng.internal.TestInvoker.invokeTestMethod(TestInvoker.java:172)
	at org.testng.internal.MethodRunner.runInSequence(MethodRunner.java:46)
	at org.testng.internal.TestInvoker$MethodInvocationAgent.invoke(TestInvoker.java:804)
	at org.testng.internal.TestInvoker.invokeTestMethods(TestInvoker.java:145)
	at org.testng.internal.TestMethodWorker.invokeTestMethods(TestMethodWorker.java:146)
	at org.testng.internal.TestMethodWorker.run(TestMethodWorker.java:128)
	at java.base/java.util.ArrayList.forEach(ArrayList.java:1380)
	at org.testng.TestRunner.privateRun(TestRunner.java:770)
	at org.testng.TestRunner.run(TestRunner.java:591)
	at org.testng.SuiteRunner.runTest(SuiteRunner.java:402)
	at org.testng.SuiteRunner.runSequentially(SuiteRunner.java:396)
	at org.testng.SuiteRunner.privateRun(SuiteRunner.java:355)
	at org.testng.SuiteRunner.run(SuiteRunner.java:304)
	at org.testng.SuiteRunnerWorker.runSuite(SuiteRunnerWorker.java:53)
	at org.testng.SuiteRunnerWorker.run(SuiteRunnerWorker.java:96)
	at org.testng.TestNG.runSuitesSequentially(TestNG.java:1180)
	at org.testng.TestNG.runSuitesLocally(TestNG.java:1102)
	at org.testng.TestNG.runSuites(TestNG.java:1032)
	at org.testng.TestNG.run(TestNG.java:1000)
	at org.testng.remote.AbstractRemoteTestNG.run(AbstractRemoteTestNG.java:115)
	at org.testng.remote.RemoteTestNG.initAndRun(RemoteTestNG.java:251)
	at org.testng.remote.RemoteTestNG.main(RemoteTestNG.java:77)
</pre></div></td>
<td>0</td>
<td>com.EmployeesAPI.Tests.TC002_GetSingleEmployeeRecord@49dc7102</td></tr>
</table><p>
<table width='100%' border='1' class='invocation-passed'>
<tr><td colspan='4' align='center'><b>PASSED TESTS</b></td></tr>
<tr><td><b>Test method</b></td>
<td width="30%"><b>Exception</b></td>
<td width="10%"><b>Time (seconds)</b></td>
<td><b>Instance</b></td>
</tr>
<tr>
<td title='com.EmployeesAPI.Tests.TC001_GetAllEmployees.checkContentEncoding()'><b>checkContentEncoding</b><br>Test class: com.EmployeesAPI.Tests.TC001_GetAllEmployees</td>
<td></td>
<td>0</td>
<td>com.EmployeesAPI.Tests.TC001_GetAllEmployees@7671cb68</td></tr>
<tr>
<td title='com.EmployeesAPI.Tests.TC001_GetAllEmployees.checkContentType()'><b>checkContentType</b><br>Test class: com.EmployeesAPI.Tests.TC001_GetAllEmployees</td>
<td></td>
<td>0</td>
<td>com.EmployeesAPI.Tests.TC001_GetAllEmployees@7671cb68</td></tr>
<tr>
<td title='com.EmployeesAPI.Tests.TC002_GetSingleEmployeeRecord.checkContentType()'><b>checkContentType</b><br>Test class: com.EmployeesAPI.Tests.TC002_GetSingleEmployeeRecord</td>
<td></td>
<td>0</td>
<td>com.EmployeesAPI.Tests.TC002_GetSingleEmployeeRecord@49dc7102</td></tr>
<tr>
<td title='com.EmployeesAPI.Tests.TC003_POST_EmployeeRecord.checkContentType()'><b>checkContentType</b><br>Test class: com.EmployeesAPI.Tests.TC003_POST_EmployeeRecord</td>
<td></td>
<td>0</td>
<td>com.EmployeesAPI.Tests.TC003_POST_EmployeeRecord@6b8ca3c8</td></tr>
<tr>
<td title='com.EmployeesAPI.Tests.TC004_PUT_EmployeeRecord.checkContentType()'><b>checkContentType</b><br>Test class: com.EmployeesAPI.Tests.TC004_PUT_EmployeeRecord</td>
<td></td>
<td>0</td>
<td>com.EmployeesAPI.Tests.TC004_PUT_EmployeeRecord@68c72235</td></tr>
<tr>
<td title='com.EmployeesAPI.Tests.TC001_GetAllEmployees.checkResponseBody()'><b>checkResponseBody</b><br>Test class: com.EmployeesAPI.Tests.TC001_GetAllEmployees</td>
<td></td>
<td>0</td>
<td>com.EmployeesAPI.Tests.TC001_GetAllEmployees@7671cb68</td></tr>
<tr>
<td title='com.EmployeesAPI.Tests.TC002_GetSingleEmployeeRecord.checkResponseBody()'><b>checkResponseBody</b><br>Test class: com.EmployeesAPI.Tests.TC002_GetSingleEmployeeRecord</td>
<td></td>
<td>0</td>
<td>com.EmployeesAPI.Tests.TC002_GetSingleEmployeeRecord@49dc7102</td></tr>
<tr>
<td title='com.EmployeesAPI.Tests.TC003_POST_EmployeeRecord.checkResponseBody()'><b>checkResponseBody</b><br>Test class: com.EmployeesAPI.Tests.TC003_POST_EmployeeRecord</td>
<td></td>
<td>0</td>
<td>com.EmployeesAPI.Tests.TC003_POST_EmployeeRecord@6b8ca3c8</td></tr>
<tr>
<td title='com.EmployeesAPI.Tests.TC002_GetSingleEmployeeRecord.checkResponseTime()'><b>checkResponseTime</b><br>Test class: com.EmployeesAPI.Tests.TC002_GetSingleEmployeeRecord</td>
<td></td>
<td>0</td>
<td>com.EmployeesAPI.Tests.TC002_GetSingleEmployeeRecord@49dc7102</td></tr>
<tr>
<td title='com.EmployeesAPI.Tests.TC001_GetAllEmployees.checkServer()'><b>checkServer</b><br>Test class: com.EmployeesAPI.Tests.TC001_GetAllEmployees</td>
<td></td>
<td>0</td>
<td>com.EmployeesAPI.Tests.TC001_GetAllEmployees@7671cb68</td></tr>
<tr>
<td title='com.EmployeesAPI.Tests.TC002_GetSingleEmployeeRecord.checkServer()'><b>checkServer</b><br>Test class: com.EmployeesAPI.Tests.TC002_GetSingleEmployeeRecord</td>
<td></td>
<td>0</td>
<td>com.EmployeesAPI.Tests.TC002_GetSingleEmployeeRecord@49dc7102</td></tr>
<tr>
<td title='com.EmployeesAPI.Tests.TC003_POST_EmployeeRecord.checkServer()'><b>checkServer</b><br>Test class: com.EmployeesAPI.Tests.TC003_POST_EmployeeRecord</td>
<td></td>
<td>0</td>
<td>com.EmployeesAPI.Tests.TC003_POST_EmployeeRecord@6b8ca3c8</td></tr>
<tr>
<td title='com.EmployeesAPI.Tests.TC004_PUT_EmployeeRecord.checkServer()'><b>checkServer</b><br>Test class: com.EmployeesAPI.Tests.TC004_PUT_EmployeeRecord</td>
<td></td>
<td>0</td>
<td>com.EmployeesAPI.Tests.TC004_PUT_EmployeeRecord@68c72235</td></tr>
<tr>
<td title='com.EmployeesAPI.Tests.TC001_GetAllEmployees.checkStatusCode()'><b>checkStatusCode</b><br>Test class: com.EmployeesAPI.Tests.TC001_GetAllEmployees</td>
<td></td>
<td>0</td>
<td>com.EmployeesAPI.Tests.TC001_GetAllEmployees@7671cb68</td></tr>
<tr>
<td title='com.EmployeesAPI.Tests.TC003_POST_EmployeeRecord.checkStatusCode()'><b>checkStatusCode</b><br>Test class: com.EmployeesAPI.Tests.TC003_POST_EmployeeRecord</td>
<td></td>
<td>0</td>
<td>com.EmployeesAPI.Tests.TC003_POST_EmployeeRecord@6b8ca3c8</td></tr>
<tr>
<td title='com.EmployeesAPI.Tests.TC004_PUT_EmployeeRecord.checkStatusCode()'><b>checkStatusCode</b><br>Test class: com.EmployeesAPI.Tests.TC004_PUT_EmployeeRecord</td>
<td></td>
<td>0</td>
<td>com.EmployeesAPI.Tests.TC004_PUT_EmployeeRecord@68c72235</td></tr>
<tr>
<td title='com.EmployeesAPI.Tests.TC001_GetAllEmployees.checkStatusLine()'><b>checkStatusLine</b><br>Test class: com.EmployeesAPI.Tests.TC001_GetAllEmployees</td>
<td></td>
<td>0</td>
<td>com.EmployeesAPI.Tests.TC001_GetAllEmployees@7671cb68</td></tr>
<tr>
<td title='com.EmployeesAPI.Tests.TC003_POST_EmployeeRecord.checkStatusLine()'><b>checkStatusLine</b><br>Test class: com.EmployeesAPI.Tests.TC003_POST_EmployeeRecord</td>
<td></td>
<td>0</td>
<td>com.EmployeesAPI.Tests.TC003_POST_EmployeeRecord@6b8ca3c8</td></tr>
<tr>
<td title='com.EmployeesAPI.Tests.TC004_PUT_EmployeeRecord.checkStatusLine()'><b>checkStatusLine</b><br>Test class: com.EmployeesAPI.Tests.TC004_PUT_EmployeeRecord</td>
<td></td>
<td>0</td>
<td>com.EmployeesAPI.Tests.TC004_PUT_EmployeeRecord@68c72235</td></tr>
</table><p>
</body>
</html>